Drill report for fed_training_1.kicad_pcb
Created on 2026-01-30T22:56:37+0100

Copper Layer Stackup:
    =============================================================
    L1 :  F.Cu                      front
    L2 :  In1.Cu                    in1
    L3 :  In2.Cu                    in2
    L4 :  B.Cu                      back


Drill file 'fed_training_1-PTH.drl' contains
    plated through holes:
    =============================================================
    T1  0,300mm  0,0118"  (51 holes)
    T2  0,500mm  0,0197"  (7 holes)  (with 2 slots)
    T3  0,550mm  0,0217"  (2 holes)  (with 2 slots)
    T4  0,650mm  0,0256"  (6 holes)
    T5  1,000mm  0,0394"  (12 holes)

    Total plated holes count 78


Drill file 'fed_training_1-NPTH.drl' contains
    unplated through holes:
    =============================================================

    Total unplated holes count 0
